#
# There is insufficient memory for the Java Runtime Environment to continue.
# Native memory allocation (malloc) failed to allocate 1487856 bytes. Error detail: Chunk::new
# Possible reasons:
#   The system is out of physical RAM or swap space
#   This process is running with CompressedOops enabled, and the Java Heap may be blocking the growth of the native heap
# Possible solutions:
#   Reduce memory load on the system
#   Increase physical memory or swap space
#   Check if swap backing store is full
#   Decrease Java heap size (-Xmx/-Xms)
#   Decrease number of Java threads
#   Decrease Java thread stack sizes (-Xss)
#   Set larger code cache with -XX:ReservedCodeCacheSize=
#   JVM is running with Unscaled Compressed Oops mode in which the Java heap is
#     placed in the first 4GB address space. The Java Heap base address is the
#     maximum limit for the native heap growth. Please use -XX:HeapBaseMinAddress
#     to set the Java Heap base and to place the Java Heap above 4GB virtual address.
# This output file may be truncated or incomplete.
#
#  Out of Memory Error (arena.cpp:168), pid=1824, tid=12784
#
# JRE version: OpenJDK Runtime Environment Temurin-21.0.9+10 (21.0.9+10) (build 21.0.9+10-LTS)
# Java VM: OpenJDK 64-Bit Server VM Temurin-21.0.9+10 (21.0.9+10-LTS, mixed mode, sharing, tiered, compressed oops, compressed class ptrs, parallel gc, windows-amd64)
# No core dump will be written. Minidumps are not enabled by default on client versions of Windows
#

---------------  S U M M A R Y ------------

Command Line: --add-modules=ALL-SYSTEM --add-opens=java.base/java.util=ALL-UNNAMED --add-opens=java.base/java.lang=ALL-UNNAMED --add-opens=java.base/sun.nio.fs=ALL-UNNAMED -Declipse.application=org.eclipse.jdt.ls.core.id1 -Dosgi.bundles.defaultStartLevel=4 -Declipse.product=org.eclipse.jdt.ls.core.product -Djava.import.generatesMetadataFilesAtProjectRoot=false -DDetectVMInstallationsJob.disabled=true -Dfile.encoding=utf8 -XX:+UseParallelGC -XX:GCTimeRatio=4 -XX:AdaptiveSizePolicyWeight=90 -Dsun.zip.disableMemoryMapping=true -Xmx2G -Xms100m -Xlog:disable -javaagent:c:\Users\Israel\.vscode\extensions\redhat.java-1.51.0-win32-x64\lombok\lombok-1.18.39-4050.jar -XX:+HeapDumpOnOutOfMemoryError -XX:HeapDumpPath=c:\Users\Israel\AppData\Roaming\Code\User\workspaceStorage\6f125b46b7f25fb73724dc33de925b7a\redhat.java -Daether.dependencyCollector.impl=bf c:\Users\Israel\.vscode\extensions\redhat.java-1.51.0-win32-x64\server\plugins\org.eclipse.equinox.launcher_1.7.100.v20251111-0406.jar -configuration c:\Users\Israel\AppData\Roaming\Code\User\globalStorage\redhat.java\1.51.0\config_win -data c:\Users\Israel\AppData\Roaming\Code\User\workspaceStorage\6f125b46b7f25fb73724dc33de925b7a\redhat.java\jdt_ws --pipe=\\.\pipe\lsp-12121a32df06b662d57987e4b114d140-sock

Host: AMD Ryzen 5 7520U with Radeon Graphics         , 8 cores, 13G,  Windows 11 , 64 bit Build 26100 (10.0.26100.7623)
Time: Sat Jan 24 22:55:17 2026 Hora Padrão de Greenwich elapsed time: 21968.642144 seconds (0d 6h 6m 8s)

---------------  T H R E A D  ---------------

Current thread (0x0000022e94c3ff30):  JavaThread "C2 CompilerThread0" daemon [_thread_in_native, id=12784, stack(0x0000006bd9b00000,0x0000006bd9c00000) (1024K)]


Current CompileTask:
C2:21968642 16685   !   4       org.eclipse.core.internal.localstore.UnifiedTree::addChildren (479 bytes)

Stack: [0x0000006bd9b00000,0x0000006bd9c00000]
Native frames: (J=compiled Java code, j=interpreted, Vv=VM code, C=native code)
V  [jvm.dll+0x6d6e29]
V  [jvm.dll+0x8b4b76]
V  [jvm.dll+0x8b712e]
V  [jvm.dll+0x8b7813]
V  [jvm.dll+0x283d86]
V  [jvm.dll+0xc66ed]
V  [jvm.dll+0xc6c31]
V  [jvm.dll+0x3be501]
V  [jvm.dll+0x38ab92]
V  [jvm.dll+0x389fda]
V  [jvm.dll+0x24bfa0]
V  [jvm.dll+0x24b580]
V  [jvm.dll+0x1cb13e]
V  [jvm.dll+0x25b29d]
V  [jvm.dll+0x25982a]
V  [jvm.dll+0x3f7ea6]
V  [jvm.dll+0x85e9ad]
V  [jvm.dll+0x6d565d]
C  [ucrtbase.dll+0x37b0]
C  [KERNEL32.DLL+0x2e8d7]
C  [ntdll.dll+0x8c53c]


---------------  P R O C E S S  ---------------

Threads class SMR info:
_java_thread_list=0x0000022e88e6f1a0, length=34, elements={
0x0000022e94cbed90, 0x0000022e94d7c8a0, 0x0000022e94c36530, 0x0000022e94c38cf0,
0x0000022e94c39940, 0x0000022e94c3a590, 0x0000022e94c3d0f0, 0x0000022e94c3ff30,
0x0000022ef2041d40, 0x0000022ef21b8ca0, 0x0000022ef22fa870, 0x0000022ef2ea3f40,
0x0000022ef2699ac0, 0x0000022ef2f50af0, 0x0000022ef2f53160, 0x0000022ef2db3020,
0x0000022ef35428e0, 0x0000022ef20f0df0, 0x0000022ef20ee000, 0x0000022ef20ef3b0,
0x0000022ef20efa40, 0x0000022ef49b5870, 0x0000022ef49b6c20, 0x0000022ef49b8660,
0x0000022ef49b5f00, 0x0000022ef49b9a10, 0x0000022ef49b7940, 0x0000022ef49b72b0,
0x0000022ef49b7fd0, 0x0000022ef49b6590, 0x0000022ef49ba0a0, 0x0000022ef49bb450,
0x0000022ef49bc170, 0x0000022ef3c43770
}

Java Threads: ( => current thread )
  0x0000022e94cbed90 JavaThread "main"                              [_thread_blocked, id=7728, stack(0x0000006bd9100000,0x0000006bd9200000) (1024K)]
  0x0000022e94d7c8a0 JavaThread "Reference Handler"          daemon [_thread_blocked, id=4352, stack(0x0000006bd9500000,0x0000006bd9600000) (1024K)]
  0x0000022e94c36530 JavaThread "Finalizer"                  daemon [_thread_blocked, id=16916, stack(0x0000006bd9600000,0x0000006bd9700000) (1024K)]
  0x0000022e94c38cf0 JavaThread "Signal Dispatcher"          daemon [_thread_blocked, id=14728, stack(0x0000006bd9700000,0x0000006bd9800000) (1024K)]
  0x0000022e94c39940 JavaThread "Attach Listener"            daemon [_thread_blocked, id=16548, stack(0x0000006bd9800000,0x0000006bd9900000) (1024K)]
  0x0000022e94c3a590 JavaThread "Service Thread"             daemon [_thread_blocked, id=11632, stack(0x0000006bd9900000,0x0000006bd9a00000) (1024K)]
  0x0000022e94c3d0f0 JavaThread "Monitor Deflation Thread"   daemon [_thread_blocked, id=2348, stack(0x0000006bd9a00000,0x0000006bd9b00000) (1024K)]
=>0x0000022e94c3ff30 JavaThread "C2 CompilerThread0"         daemon [_thread_in_native, id=12784, stack(0x0000006bd9b00000,0x0000006bd9c00000) (1024K)]
  0x0000022ef2041d40 JavaThread "C1 CompilerThread0"         daemon [_thread_blocked, id=19364, stack(0x0000006bd9c00000,0x0000006bd9d00000) (1024K)]
  0x0000022ef21b8ca0 JavaThread "Common-Cleaner"             daemon [_thread_blocked, id=12536, stack(0x0000006bd9d00000,0x0000006bd9e00000) (1024K)]
  0x0000022ef22fa870 JavaThread "Notification Thread"        daemon [_thread_blocked, id=14000, stack(0x0000006bd9e00000,0x0000006bd9f00000) (1024K)]
  0x0000022ef2ea3f40 JavaThread "Active Thread: Equinox Container: d9a98b78-881e-4669-8eee-4d2304ea50c2"        [_thread_blocked, id=12028, stack(0x0000006bda600000,0x0000006bda700000) (1024K)]
  0x0000022ef2699ac0 JavaThread "Refresh Thread: Equinox Container: d9a98b78-881e-4669-8eee-4d2304ea50c2" daemon [_thread_blocked, id=17320, stack(0x0000006bda700000,0x0000006bda800000) (1024K)]
  0x0000022ef2f50af0 JavaThread "Framework Event Dispatcher: Equinox Container: d9a98b78-881e-4669-8eee-4d2304ea50c2" daemon [_thread_blocked, id=17892, stack(0x0000006bda800000,0x0000006bda900000) (1024K)]
  0x0000022ef2f53160 JavaThread "Start Level: Equinox Container: d9a98b78-881e-4669-8eee-4d2304ea50c2" daemon [_thread_blocked, id=7024, stack(0x0000006bda900000,0x0000006bdaa00000) (1024K)]
  0x0000022ef2db3020 JavaThread "Bundle File Closer"         daemon [_thread_blocked, id=18200, stack(0x0000006bdac00000,0x0000006bdad00000) (1024K)]
  0x0000022ef35428e0 JavaThread "SCR Component Actor"        daemon [_thread_blocked, id=18476, stack(0x0000006bdaa00000,0x0000006bdab00000) (1024K)]
  0x0000022ef20f0df0 JavaThread "Worker-JM"                         [_thread_blocked, id=19836, stack(0x0000006bdab00000,0x0000006bdac00000) (1024K)]
  0x0000022ef20ee000 JavaThread "JNA Cleaner"                daemon [_thread_blocked, id=10584, stack(0x0000006bdad00000,0x0000006bdae00000) (1024K)]
  0x0000022ef20ef3b0 JavaThread "Worker-0"                          [_thread_blocked, id=19828, stack(0x0000006bdae00000,0x0000006bdaf00000) (1024K)]
  0x0000022ef20efa40 JavaThread "Java indexing"              daemon [_thread_blocked, id=18184, stack(0x0000006bdb300000,0x0000006bdb400000) (1024K)]
  0x0000022ef49b5870 JavaThread "Thread-1"                   daemon [_thread_in_native, id=8172, stack(0x0000006bdb800000,0x0000006bdb900000) (1024K)]
  0x0000022ef49b6c20 JavaThread "Thread-2"                   daemon [_thread_in_native, id=12432, stack(0x0000006bdb900000,0x0000006bdba00000) (1024K)]
  0x0000022ef49b8660 JavaThread "Thread-3"                   daemon [_thread_in_native, id=17384, stack(0x0000006bdba00000,0x0000006bdbb00000) (1024K)]
  0x0000022ef49b5f00 JavaThread "Thread-4"                   daemon [_thread_in_native, id=20384, stack(0x0000006bdbb00000,0x0000006bdbc00000) (1024K)]
  0x0000022ef49b9a10 JavaThread "Thread-5"                   daemon [_thread_in_native, id=18644, stack(0x0000006bdbc00000,0x0000006bdbd00000) (1024K)]
  0x0000022ef49b7940 JavaThread "Thread-6"                   daemon [_thread_in_native, id=16912, stack(0x0000006bdbd00000,0x0000006bdbe00000) (1024K)]
  0x0000022ef49b72b0 JavaThread "Thread-7"                   daemon [_thread_in_native, id=14524, stack(0x0000006bdbe00000,0x0000006bdbf00000) (1024K)]
  0x0000022ef49b7fd0 JavaThread "Thread-8"                   daemon [_thread_in_native, id=20648, stack(0x0000006bdbf00000,0x0000006bdc000000) (1024K)]
  0x0000022ef49b6590 JavaThread "Thread-9"                   daemon [_thread_in_native, id=19576, stack(0x0000006bdc000000,0x0000006bdc100000) (1024K)]
  0x0000022ef49ba0a0 JavaThread "pool-2-thread-1"                   [_thread_blocked, id=11440, stack(0x0000006bdc100000,0x0000006bdc200000) (1024K)]
  0x0000022ef49bb450 JavaThread "WorkspaceEventsHandler"            [_thread_blocked, id=17748, stack(0x0000006bdaf00000,0x0000006bdb000000) (1024K)]
  0x0000022ef49bc170 JavaThread "pool-1-thread-1"                   [_thread_blocked, id=15908, stack(0x0000006bdb200000,0x0000006bdb300000) (1024K)]
  0x0000022ef3c43770 JavaThread "Worker-6"                          [_thread_blocked, id=15152, stack(0x0000006bd8f00000,0x0000006bd9000000) (1024K)]
Total: 34

Other Threads:
  0x0000022e94c33a10 VMThread "VM Thread"                           [id=17632, stack(0x0000006bd9400000,0x0000006bd9500000) (1024K)]
  0x0000022e94b4ca00 WatcherThread "VM Periodic Task Thread"        [id=1320, stack(0x0000006bd9300000,0x0000006bd9400000) (1024K)]
  0x0000022e94cdd2f0 WorkerThread "GC Thread#0"                     [id=5740, stack(0x0000006bd9200000,0x0000006bd9300000) (1024K)]
  0x0000022ef234d250 WorkerThread "GC Thread#1"                     [id=16316, stack(0x0000006bda000000,0x0000006bda100000) (1024K)]
  0x0000022ef291d220 WorkerThread "GC Thread#2"                     [id=10404, stack(0x0000006bda100000,0x0000006bda200000) (1024K)]
  0x0000022ef291d5c0 WorkerThread "GC Thread#3"                     [id=12492, stack(0x0000006bda200000,0x0000006bda300000) (1024K)]
  0x0000022ef291d960 WorkerThread "GC Thread#4"                     [id=10432, stack(0x0000006bda300000,0x0000006bda400000) (1024K)]
  0x0000022ef2456910 WorkerThread "GC Thread#5"                     [id=16852, stack(0x0000006bda400000,0x0000006bda500000) (1024K)]
  0x0000022ef2456cb0 WorkerThread "GC Thread#6"                     [id=19412, stack(0x0000006bda500000,0x0000006bda600000) (1024K)]
  0x0000022ef2db8ad0 WorkerThread "GC Thread#7"                     [id=5008, stack(0x0000006bd9f00000,0x0000006bda000000) (1024K)]
Total: 10

Threads with active compile tasks:
C2 CompilerThread0  21968665 16685   !   4       org.eclipse.core.internal.localstore.UnifiedTree::addChildren (479 bytes)
Total: 1

VM state: not at safepoint (normal execution)

VM Mutex/Monitor currently owned by a thread: None

Heap address: 0x0000000080000000, size: 2048 MB, Compressed Oops mode: 32-bit

CDS archive(s) mapped at: [0x0000022eac000000-0x0000022eacba0000-0x0000022eacba0000), size 12189696, SharedBaseAddress: 0x0000022eac000000, ArchiveRelocationMode: 1.
Compressed class space mapped at: 0x0000022ead000000-0x0000022eed000000, reserved size: 1073741824
Narrow klass base: 0x0000022eac000000, Narrow klass shift: 0, Narrow klass range: 0x100000000

GC Precious Log:
 CardTable entry size: 512
 CPUs: 8 total, 8 available
 Memory: 14069M
 Large Page Support: Disabled
 NUMA Support: Disabled
 Compressed Oops: Enabled (32-bit)
 Alignments: Space 512K, Generation 512K, Heap 2M
 Heap Min Capacity: 100M
 Heap Initial Capacity: 100M
 Heap Max Capacity: 2G
 Pre-touch: Disabled
 Parallel Workers: 8

Heap:
 PSYoungGen      total 4608K, used 4296K [0x00000000d5580000, 0x00000000d5b80000, 0x0000000100000000)
  eden space 4096K, 95% used [0x00000000d5580000,0x00000000d5952060,0x00000000d5980000)
  from space 512K, 75% used [0x00000000d5b00000,0x00000000d5b60000,0x00000000d5b80000)
  to   space 512K, 0% used [0x00000000d5980000,0x00000000d5980000,0x00000000d5a00000)
 ParOldGen       total 593920K, used 593589K [0x0000000080000000, 0x00000000a4400000, 0x00000000d5580000)
  object space 593920K, 99% used [0x0000000080000000,0x00000000a43ad470,0x00000000a4400000)
 Metaspace       used 69644K, committed 71360K, reserved 1114112K
  class space    used 7080K, committed 7872K, reserved 1048576K

Card table byte_map: [0x0000022e94660000,0x0000022e94a70000] _byte_map_base: 0x0000022e94260000

Marking Bits: (ParMarkBitMap*) 0x00007ffdf50f2460
 Begin Bits: [0x0000022ea7170000, 0x0000022ea9170000)
 End Bits:   [0x0000022ea9170000, 0x0000022eab170000)

Polling page: 0x0000022e92a40000

Metaspace:

Usage:
  Non-class:     61.10 MB used.
      Class:      6.91 MB used.
       Both:     68.01 MB used.

Virtual space:
  Non-class space:       64.00 MB reserved,      62.00 MB ( 97%) committed,  1 nodes.
      Class space:        1.00 GB reserved,       7.69 MB ( <1%) committed,  1 nodes.
             Both:        1.06 GB reserved,      69.69 MB (  6%) committed. 

Chunk freelists:
   Non-Class:  1.75 MB
       Class:  8.37 MB
        Both:  10.12 MB

MaxMetaspaceSize: unlimited
CompressedClassSpaceSize: 1.00 GB
Initial GC threshold: 21.00 MB
Current GC threshold: 97.31 MB
CDS: on
 - commit_granule_bytes: 65536.
 - commit_granule_words: 8192.
 - virtual_space_node_default_size: 8388608.
 - enlarge_chunks_in_place: 1.
 - use_allocation_guard: 0.


Internal statistics:

num_allocs_failed_limit: 11.
num_arena_births: 1472.
num_arena_deaths: 14.
num_vsnodes_births: 2.
num_vsnodes_deaths: 0.
num_space_committed: 1115.
num_space_uncommitted: 0.
num_chunks_returned_to_freelist: 25.
num_chunks_taken_from_freelist: 4959.
num_chunk_merges: 14.
num_chunk_splits: 2962.
num_chunks_enlarged: 1555.
num_inconsistent_stats: 0.

CodeHeap 'non-profiled nmethods': size=120000Kb used=15428Kb max_used=15428Kb free=104571Kb
 bounds [0x0000022e9f990000, 0x0000022ea08b0000, 0x0000022ea6ec0000]
CodeHeap 'profiled nmethods': size=120000Kb used=37207Kb max_used=37207Kb free=82792Kb
 bounds [0x0000022e97ec0000, 0x0000022e9a320000, 0x0000022e9f3f0000]
CodeHeap 'non-nmethods': size=5760Kb used=1444Kb max_used=1545Kb free=4315Kb
 bounds [0x0000022e9f3f0000, 0x0000022e9f660000, 0x0000022e9f990000]
CodeCache: size=245760Kb, used=54079Kb, max_used=54180Kb, free=191678Kb
 total_blobs=16629, nmethods=15867, adapters=665, full_count=0
Compilation: enabled, stopped_count=0, restarted_count=0

Compilation events (20 events):
Event: 21968.399 Thread 0x0000022ef2041d40 16677       3       org.apache.maven.project.MavenProject::getContextValue (20 bytes)
Event: 21968.399 Thread 0x0000022ef2041d40 nmethod 16677 0x0000022e9a309810 code [0x0000022e9a3099c0, 0x0000022e9a309bf8]
Event: 21968.400 Thread 0x0000022ef2041d40 16678       3       org.eclipse.m2e.core.project.configurator.MojoExecutionKey::equals (8 bytes)
Event: 21968.402 Thread 0x0000022ef2041d40 nmethod 16678 0x0000022e9a309d10 code [0x0000022e9a30a180, 0x0000022e9a30c088]
Event: 21968.405 Thread 0x0000022ef2041d40 16679       3       org.apache.maven.RepositoryUtils::repositoriesEquals (68 bytes)
Event: 21968.406 Thread 0x0000022ef2041d40 nmethod 16679 0x0000022e9a30cc10 code [0x0000022e9a30ce80, 0x0000022e9a30d890]
Event: 21968.406 Thread 0x0000022ef2041d40 16680       3       org.apache.maven.RepositoryUtils::repositoryEquals (73 bytes)
Event: 21968.406 Thread 0x0000022ef2041d40 nmethod 16680 0x0000022e9a30db10 code [0x0000022e9a30dd60, 0x0000022e9a30e4f0]
Event: 21968.406 Thread 0x0000022ef2041d40 16683       3       sun.reflect.generics.parser.SignatureParser::parseMethodTypeSignature (41 bytes)
Event: 21968.407 Thread 0x0000022ef2041d40 nmethod 16683 0x0000022e9a30e790 code [0x0000022e9a30e9c0, 0x0000022e9a30eee8]
Event: 21968.407 Thread 0x0000022ef2041d40 16682       3       org.codehaus.plexus.component.configurator.converters.basic.StringConverter::canConvert (7 bytes)
Event: 21968.407 Thread 0x0000022ef2041d40 nmethod 16682 0x0000022e9a30f110 code [0x0000022e9a30f2c0, 0x0000022e9a30f508]
Event: 21968.407 Thread 0x0000022ef2041d40 16681       3       org.eclipse.aether.repository.LocalRepository::equals (66 bytes)
Event: 21968.408 Thread 0x0000022ef2041d40 nmethod 16681 0x0000022e9a30f610 code [0x0000022e9a30f880, 0x0000022e9a3103b8]
Event: 21968.410 Thread 0x0000022ef2041d40 16684       3       ch.qos.logback.classic.spi.ThrowableProxyUtil::steArrayToStepArray (44 bytes)
Event: 21968.410 Thread 0x0000022ef2041d40 nmethod 16684 0x0000022e9a310710 code [0x0000022e9a310900, 0x0000022e9a310fd8]
Event: 21968.439 Thread 0x0000022ef2041d40 16686   !   3       org.eclipse.jdt.internal.core.builder.AbstractImageBuilder::prepareCompilerConfiguration (521 bytes)
Event: 21968.442 Thread 0x0000022ef2041d40 nmethod 16686 0x0000022e9a311210 code [0x0000022e9a3117a0, 0x0000022e9a3145f0]
Event: 21968.446 Thread 0x0000022e94c3ff30 nmethod 16676 0x0000022ea089e090 code [0x0000022ea089e4a0, 0x0000022ea089ff60]
Event: 21968.446 Thread 0x0000022e94c3ff30 16685   !   4       org.eclipse.core.internal.localstore.UnifiedTree::addChildren (479 bytes)

GC Heap History (20 events):
Event: 19919.279 GC heap before
{Heap before GC invocations=1012 (full 3):
 PSYoungGen      total 4608K, used 4320K [0x00000000d5580000, 0x00000000d5c00000, 0x0000000100000000)
  eden space 4096K, 100% used [0x00000000d5580000,0x00000000d5980000,0x00000000d5980000)
  from space 512K, 43% used [0x00000000d5b80000,0x00000000d5bb8000,0x00000000d5c00000)
  to   space 512K, 0% used [0x00000000d5980000,0x00000000d5980000,0x00000000d5a00000)
 ParOldGen       total 593408K, used 592981K [0x0000000080000000, 0x00000000a4380000, 0x00000000d5580000)
  object space 593408K, 99% used [0x0000000080000000,0x00000000a4315440,0x00000000a4380000)
 Metaspace       used 69568K, committed 71296K, reserved 1114112K
  class space    used 7080K, committed 7872K, reserved 1048576K
}
Event: 19919.281 GC heap after
{Heap after GC invocations=1012 (full 3):
 PSYoungGen      total 4608K, used 160K [0x00000000d5580000, 0x00000000d5c00000, 0x0000000100000000)
  eden space 4096K, 0% used [0x00000000d5580000,0x00000000d5580000,0x00000000d5980000)
  from space 512K, 31% used [0x00000000d5980000,0x00000000d59a8000,0x00000000d5a00000)
  to   space 512K, 0% used [0x00000000d5b80000,0x00000000d5b80000,0x00000000d5c00000)
 ParOldGen       total 593408K, used 592981K [0x0000000080000000, 0x00000000a4380000, 0x00000000d5580000)
  object space 593408K, 99% used [0x0000000080000000,0x00000000a4315440,0x00000000a4380000)
 Metaspace       used 69568K, committed 71296K, reserved 1114112K
  class space    used 7080K, committed 7872K, reserved 1048576K
}
Event: 20281.402 GC heap before
{Heap before GC invocations=1013 (full 3):
 PSYoungGen      total 4608K, used 4256K [0x00000000d5580000, 0x00000000d5c00000, 0x0000000100000000)
  eden space 4096K, 100% used [0x00000000d5580000,0x00000000d5980000,0x00000000d5980000)
  from space 512K, 31% used [0x00000000d5980000,0x00000000d59a8000,0x00000000d5a00000)
  to   space 512K, 0% used [0x00000000d5b80000,0x00000000d5b80000,0x00000000d5c00000)
 ParOldGen       total 593408K, used 592981K [0x0000000080000000, 0x00000000a4380000, 0x00000000d5580000)
  object space 593408K, 99% used [0x0000000080000000,0x00000000a4315440,0x00000000a4380000)
 Metaspace       used 69578K, committed 71296K, reserved 1114112K
  class space    used 7080K, committed 7872K, reserved 1048576K
}
Event: 20281.404 GC heap after
{Heap after GC invocations=1013 (full 3):
 PSYoungGen      total 4608K, used 192K [0x00000000d5580000, 0x00000000d5c00000, 0x0000000100000000)
  eden space 4096K, 0% used [0x00000000d5580000,0x00000000d5580000,0x00000000d5980000)
  from space 512K, 37% used [0x00000000d5b80000,0x00000000d5bb0000,0x00000000d5c00000)
  to   space 512K, 0% used [0x00000000d5980000,0x00000000d5980000,0x00000000d5a00000)
 ParOldGen       total 593408K, used 592981K [0x0000000080000000, 0x00000000a4380000, 0x00000000d5580000)
  object space 593408K, 99% used [0x0000000080000000,0x00000000a4315440,0x00000000a4380000)
 Metaspace       used 69578K, committed 71296K, reserved 1114112K
  class space    used 7080K, committed 7872K, reserved 1048576K
}
Event: 20824.567 GC heap before
{Heap before GC invocations=1014 (full 3):
 PSYoungGen      total 4608K, used 4287K [0x00000000d5580000, 0x00000000d5c00000, 0x0000000100000000)
  eden space 4096K, 99% used [0x00000000d5580000,0x00000000d597ffc8,0x00000000d5980000)
  from space 512K, 37% used [0x00000000d5b80000,0x00000000d5bb0000,0x00000000d5c00000)
  to   space 512K, 0% used [0x00000000d5980000,0x00000000d5980000,0x00000000d5a00000)
 ParOldGen       total 593408K, used 592981K [0x0000000080000000, 0x00000000a4380000, 0x00000000d5580000)
  object space 593408K, 99% used [0x0000000080000000,0x00000000a4315440,0x00000000a4380000)
 Metaspace       used 69578K, committed 71296K, reserved 1114112K
  class space    used 7080K, committed 7872K, reserved 1048576K
}
Event: 20824.569 GC heap after
{Heap after GC invocations=1014 (full 3):
 PSYoungGen      total 4608K, used 192K [0x00000000d5580000, 0x00000000d5c00000, 0x0000000100000000)
  eden space 4096K, 0% used [0x00000000d5580000,0x00000000d5580000,0x00000000d5980000)
  from space 512K, 37% used [0x00000000d5980000,0x00000000d59b0000,0x00000000d5a00000)
  to   space 512K, 0% used [0x00000000d5b80000,0x00000000d5b80000,0x00000000d5c00000)
 ParOldGen       total 593408K, used 593021K [0x0000000080000000, 0x00000000a4380000, 0x00000000d5580000)
  object space 593408K, 99% used [0x0000000080000000,0x00000000a431f440,0x00000000a4380000)
 Metaspace       used 69578K, committed 71296K, reserved 1114112K
  class space    used 7080K, committed 7872K, reserved 1048576K
}
Event: 21467.913 GC heap before
{Heap before GC invocations=1015 (full 3):
 PSYoungGen      total 4608K, used 4288K [0x00000000d5580000, 0x00000000d5c00000, 0x0000000100000000)
  eden space 4096K, 100% used [0x00000000d5580000,0x00000000d5980000,0x00000000d5980000)
  from space 512K, 37% used [0x00000000d5980000,0x00000000d59b0000,0x00000000d5a00000)
  to   space 512K, 0% used [0x00000000d5b80000,0x00000000d5b80000,0x00000000d5c00000)
 ParOldGen       total 593408K, used 593021K [0x0000000080000000, 0x00000000a4380000, 0x00000000d5580000)
  object space 593408K, 99% used [0x0000000080000000,0x00000000a431f440,0x00000000a4380000)
 Metaspace       used 69579K, committed 71296K, reserved 1114112K
  class space    used 7080K, committed 7872K, reserved 1048576K
}
Event: 21467.915 GC heap after
{Heap after GC invocations=1015 (full 3):
 PSYoungGen      total 4608K, used 192K [0x00000000d5580000, 0x00000000d5c00000, 0x0000000100000000)
  eden space 4096K, 0% used [0x00000000d5580000,0x00000000d5580000,0x00000000d5980000)
  from space 512K, 37% used [0x00000000d5b80000,0x00000000d5bb0000,0x00000000d5c00000)
  to   space 512K, 0% used [0x00000000d5980000,0x00000000d5980000,0x00000000d5a00000)
 ParOldGen       total 593408K, used 593061K [0x0000000080000000, 0x00000000a4380000, 0x00000000d5580000)
  object space 593408K, 99% used [0x0000000080000000,0x00000000a4329440,0x00000000a4380000)
 Metaspace       used 69579K, committed 71296K, reserved 1114112K
  class space    used 7080K, committed 7872K, reserved 1048576K
}
Event: 21579.829 GC heap before
{Heap before GC invocations=1016 (full 3):
 PSYoungGen      total 4608K, used 4288K [0x00000000d5580000, 0x00000000d5c00000, 0x0000000100000000)
  eden space 4096K, 100% used [0x00000000d5580000,0x00000000d5980000,0x00000000d5980000)
  from space 512K, 37% used [0x00000000d5b80000,0x00000000d5bb0000,0x00000000d5c00000)
  to   space 512K, 0% used [0x00000000d5980000,0x00000000d5980000,0x00000000d5a00000)
 ParOldGen       total 593408K, used 593061K [0x0000000080000000, 0x00000000a4380000, 0x00000000d5580000)
  object space 593408K, 99% used [0x0000000080000000,0x00000000a4329440,0x00000000a4380000)
 Metaspace       used 69588K, committed 71296K, reserved 1114112K
  class space    used 7080K, committed 7872K, reserved 1048576K
}
Event: 21579.831 GC heap after
{Heap after GC invocations=1016 (full 3):
 PSYoungGen      total 4608K, used 480K [0x00000000d5580000, 0x00000000d5c00000, 0x0000000100000000)
  eden space 4096K, 0% used [0x00000000d5580000,0x00000000d5580000,0x00000000d5980000)
  from space 512K, 93% used [0x00000000d5980000,0x00000000d59f8040,0x00000000d5a00000)
  to   space 1024K, 0% used [0x00000000d5b00000,0x00000000d5b00000,0x00000000d5c00000)
 ParOldGen       total 593408K, used 593085K [0x0000000080000000, 0x00000000a4380000, 0x00000000d5580000)
  object space 593408K, 99% used [0x0000000080000000,0x00000000a432f440,0x00000000a4380000)
 Metaspace       used 69588K, committed 71296K, reserved 1114112K
  class space    used 7080K, committed 7872K, reserved 1048576K
}
Event: 21729.967 GC heap before
{Heap before GC invocations=1017 (full 3):
 PSYoungGen      total 4608K, used 4576K [0x00000000d5580000, 0x00000000d5c00000, 0x0000000100000000)
  eden space 4096K, 100% used [0x00000000d5580000,0x00000000d5980000,0x00000000d5980000)
  from space 512K, 93% used [0x00000000d5980000,0x00000000d59f8040,0x00000000d5a00000)
  to   space 1024K, 0% used [0x00000000d5b00000,0x00000000d5b00000,0x00000000d5c00000)
 ParOldGen       total 593408K, used 593085K [0x0000000080000000, 0x00000000a4380000, 0x00000000d5580000)
  object space 593408K, 99% used [0x0000000080000000,0x00000000a432f440,0x00000000a4380000)
 Metaspace       used 69596K, committed 71296K, reserved 1114112K
  class space    used 7080K, committed 7872K, reserved 1048576K
}
Event: 21729.969 GC heap after
{Heap after GC invocations=1017 (full 3):
 PSYoungGen      total 4608K, used 256K [0x00000000d5580000, 0x00000000d5b80000, 0x0000000100000000)
  eden space 4096K, 0% used [0x00000000d5580000,0x00000000d5580000,0x00000000d5980000)
  from space 512K, 50% used [0x00000000d5b00000,0x00000000d5b40000,0x00000000d5b80000)
  to   space 512K, 0% used [0x00000000d5980000,0x00000000d5980000,0x00000000d5a00000)
 ParOldGen       total 593408K, used 593277K [0x0000000080000000, 0x00000000a4380000, 0x00000000d5580000)
  object space 593408K, 99% used [0x0000000080000000,0x00000000a435f470,0x00000000a4380000)
 Metaspace       used 69596K, committed 71296K, reserved 1114112K
  class space    used 7080K, committed 7872K, reserved 1048576K
}
Event: 21762.055 GC heap before
{Heap before GC invocations=1018 (full 3):
 PSYoungGen      total 4608K, used 4349K [0x00000000d5580000, 0x00000000d5b80000, 0x0000000100000000)
  eden space 4096K, 99% used [0x00000000d5580000,0x00000000d597f5f8,0x00000000d5980000)
  from space 512K, 50% used [0x00000000d5b00000,0x00000000d5b40000,0x00000000d5b80000)
  to   space 512K, 0% used [0x00000000d5980000,0x00000000d5980000,0x00000000d5a00000)
 ParOldGen       total 593408K, used 593277K [0x0000000080000000, 0x00000000a4380000, 0x00000000d5580000)
  object space 593408K, 99% used [0x0000000080000000,0x00000000a435f470,0x00000000a4380000)
 Metaspace       used 69613K, committed 71296K, reserved 1114112K
  class space    used 7080K, committed 7872K, reserved 1048576K
}
Event: 21762.057 GC heap after
{Heap after GC invocations=1018 (full 3):
 PSYoungGen      total 4608K, used 320K [0x00000000d5580000, 0x00000000d5b80000, 0x0000000100000000)
  eden space 4096K, 0% used [0x00000000d5580000,0x00000000d5580000,0x00000000d5980000)
  from space 512K, 62% used [0x00000000d5980000,0x00000000d59d0000,0x00000000d5a00000)
  to   space 512K, 0% used [0x00000000d5b00000,0x00000000d5b00000,0x00000000d5b80000)
 ParOldGen       total 593408K, used 593341K [0x0000000080000000, 0x00000000a4380000, 0x00000000d5580000)
  object space 593408K, 99% used [0x0000000080000000,0x00000000a436f470,0x00000000a4380000)
 Metaspace       used 69613K, committed 71296K, reserved 1114112K
  class space    used 7080K, committed 7872K, reserved 1048576K
}
Event: 21961.249 GC heap before
{Heap before GC invocations=1019 (full 3):
 PSYoungGen      total 4608K, used 4416K [0x00000000d5580000, 0x00000000d5b80000, 0x0000000100000000)
  eden space 4096K, 100% used [0x00000000d5580000,0x00000000d5980000,0x00000000d5980000)
  from space 512K, 62% used [0x00000000d5980000,0x00000000d59d0000,0x00000000d5a00000)
  to   space 512K, 0% used [0x00000000d5b00000,0x00000000d5b00000,0x00000000d5b80000)
 ParOldGen       total 593408K, used 593341K [0x0000000080000000, 0x00000000a4380000, 0x00000000d5580000)
  object space 593408K, 99% used [0x0000000080000000,0x00000000a436f470,0x00000000a4380000)
 Metaspace       used 69621K, committed 71296K, reserved 1114112K
  class space    used 7080K, committed 7872K, reserved 1048576K
}
Event: 21961.251 GC heap after
{Heap after GC invocations=1019 (full 3):
 PSYoungGen      total 4608K, used 256K [0x00000000d5580000, 0x00000000d5b80000, 0x0000000100000000)
  eden space 4096K, 0% used [0x00000000d5580000,0x00000000d5580000,0x00000000d5980000)
  from space 512K, 50% used [0x00000000d5b00000,0x00000000d5b40000,0x00000000d5b80000)
  to   space 512K, 0% used [0x00000000d5980000,0x00000000d5980000,0x00000000d5a00000)
 ParOldGen       total 593920K, used 593437K [0x0000000080000000, 0x00000000a4400000, 0x00000000d5580000)
  object space 593920K, 99% used [0x0000000080000000,0x00000000a4387470,0x00000000a4400000)
 Metaspace       used 69621K, committed 71296K, reserved 1114112K
  class space    used 7080K, committed 7872K, reserved 1048576K
}
Event: 21965.269 GC heap before
{Heap before GC invocations=1020 (full 3):
 PSYoungGen      total 4608K, used 4352K [0x00000000d5580000, 0x00000000d5b80000, 0x0000000100000000)
  eden space 4096K, 100% used [0x00000000d5580000,0x00000000d5980000,0x00000000d5980000)
  from space 512K, 50% used [0x00000000d5b00000,0x00000000d5b40000,0x00000000d5b80000)
  to   space 512K, 0% used [0x00000000d5980000,0x00000000d5980000,0x00000000d5a00000)
 ParOldGen       total 593920K, used 593437K [0x0000000080000000, 0x00000000a4400000, 0x00000000d5580000)
  object space 593920K, 99% used [0x0000000080000000,0x00000000a4387470,0x00000000a4400000)
 Metaspace       used 69623K, committed 71296K, reserved 1114112K
  class space    used 7080K, committed 7872K, reserved 1048576K
}
Event: 21965.272 GC heap after
{Heap after GC invocations=1020 (full 3):
 PSYoungGen      total 4608K, used 256K [0x00000000d5580000, 0x00000000d5b80000, 0x0000000100000000)
  eden space 4096K, 0% used [0x00000000d5580000,0x00000000d5580000,0x00000000d5980000)
  from space 512K, 50% used [0x00000000d5980000,0x00000000d59c0000,0x00000000d5a00000)
  to   space 512K, 0% used [0x00000000d5b00000,0x00000000d5b00000,0x00000000d5b80000)
 ParOldGen       total 593920K, used 593509K [0x0000000080000000, 0x00000000a4400000, 0x00000000d5580000)
  object space 593920K, 99% used [0x0000000080000000,0x00000000a4399470,0x00000000a4400000)
 Metaspace       used 69623K, committed 71296K, reserved 1114112K
  class space    used 7080K, committed 7872K, reserved 1048576K
}
Event: 21968.380 GC heap before
{Heap before GC invocations=1021 (full 3):
 PSYoungGen      total 4608K, used 4352K [0x00000000d5580000, 0x00000000d5b80000, 0x0000000100000000)
  eden space 4096K, 100% used [0x00000000d5580000,0x00000000d5980000,0x00000000d5980000)
  from space 512K, 50% used [0x00000000d5980000,0x00000000d59c0000,0x00000000d5a00000)
  to   space 512K, 0% used [0x00000000d5b00000,0x00000000d5b00000,0x00000000d5b80000)
 ParOldGen       total 593920K, used 593509K [0x0000000080000000, 0x00000000a4400000, 0x00000000d5580000)
  object space 593920K, 99% used [0x0000000080000000,0x00000000a4399470,0x00000000a4400000)
 Metaspace       used 69629K, committed 71360K, reserved 1114112K
  class space    used 7080K, committed 7872K, reserved 1048576K
}
Event: 21968.381 GC heap after
{Heap after GC invocations=1021 (full 3):
 PSYoungGen      total 4608K, used 384K [0x00000000d5580000, 0x00000000d5b80000, 0x0000000100000000)
  eden space 4096K, 0% used [0x00000000d5580000,0x00000000d5580000,0x00000000d5980000)
  from space 512K, 75% used [0x00000000d5b00000,0x00000000d5b60000,0x00000000d5b80000)
  to   space 512K, 0% used [0x00000000d5980000,0x00000000d5980000,0x00000000d5a00000)
 ParOldGen       total 593920K, used 593589K [0x0000000080000000, 0x00000000a4400000, 0x00000000d5580000)
  object space 593920K, 99% used [0x0000000080000000,0x00000000a43ad470,0x00000000a4400000)
 Metaspace       used 69629K, committed 71360K, reserved 1114112K
  class space    used 7080K, committed 7872K, reserved 1048576K
}

Dll operation events (10 events):
Event: 0.015 Loaded shared library c:\Users\Israel\.vscode\extensions\redhat.java-1.51.0-win32-x64\jre\21.0.9-win32-x86_64\bin\java.dll
Event: 0.327 Loaded shared library c:\Users\Israel\.vscode\extensions\redhat.java-1.51.0-win32-x64\jre\21.0.9-win32-x86_64\bin\zip.dll
Event: 0.361 Loaded shared library C:\Users\Israel\.vscode\extensions\redhat.java-1.51.0-win32-x64\jre\21.0.9-win32-x86_64\bin\instrument.dll
Event: 0.368 Loaded shared library C:\Users\Israel\.vscode\extensions\redhat.java-1.51.0-win32-x64\jre\21.0.9-win32-x86_64\bin\net.dll
Event: 0.372 Loaded shared library C:\Users\Israel\.vscode\extensions\redhat.java-1.51.0-win32-x64\jre\21.0.9-win32-x86_64\bin\nio.dll
Event: 0.387 Loaded shared library C:\Users\Israel\.vscode\extensions\redhat.java-1.51.0-win32-x64\jre\21.0.9-win32-x86_64\bin\zip.dll
Event: 0.430 Loaded shared library C:\Users\Israel\.vscode\extensions\redhat.java-1.51.0-win32-x64\jre\21.0.9-win32-x86_64\bin\jimage.dll
Event: 0.579 Loaded shared library c:\Users\Israel\.vscode\extensions\redhat.java-1.51.0-win32-x64\jre\21.0.9-win32-x86_64\bin\verify.dll
Event: 4.057 Loaded shared library C:\Users\Israel\AppData\Roaming\Code\User\globalStorage\redhat.java\1.51.0\config_win\org.eclipse.equinox.launcher\org.eclipse.equinox.launcher.win32.win32.x86_64_1.2.1400.v20250801-0854\eclipse_11916.dll
Event: 7.141 Loaded shared library C:\Users\Israel\AppData\Local\Temp\jna--2095341728\jna14873955574838648297.dll

Deoptimization events (20 events):
Event: 21965.107 Thread 0x0000022ef49bb450 Uncommon trap: trap_request=0xffffffd6 fr.pc=0x0000022ea0874a20 relative=0x0000000000005dc0
Event: 21965.107 Thread 0x0000022ef49bb450 Uncommon trap: reason=array_check action=maybe_recompile pc=0x0000022ea0874a20 method=java.util.ComparableTimSort.reverseRange([Ljava/lang/Object;II)V @ 20 c2
Event: 21965.107 Thread 0x0000022ef49bb450 DEOPT PACKING pc=0x0000022ea0874a20 sp=0x0000006bdaffe7f0
Event: 21965.107 Thread 0x0000022ef49bb450 DEOPT UNPACKING pc=0x0000022e9f443aa2 sp=0x0000006bdaffe558 mode 2
Event: 21965.108 Thread 0x0000022ef49bb450 Uncommon trap: trap_request=0xffffffd6 fr.pc=0x0000022ea0874a20 relative=0x0000000000005dc0
Event: 21965.108 Thread 0x0000022ef49bb450 Uncommon trap: reason=array_check action=maybe_recompile pc=0x0000022ea0874a20 method=java.util.ComparableTimSort.reverseRange([Ljava/lang/Object;II)V @ 20 c2
Event: 21965.108 Thread 0x0000022ef49bb450 DEOPT PACKING pc=0x0000022ea0874a20 sp=0x0000006bdaffe7f0
Event: 21965.108 Thread 0x0000022ef49bb450 DEOPT UNPACKING pc=0x0000022e9f443aa2 sp=0x0000006bdaffe558 mode 2
Event: 21965.110 Thread 0x0000022ef49bb450 Uncommon trap: trap_request=0xffffffd6 fr.pc=0x0000022ea0874a20 relative=0x0000000000005dc0
Event: 21965.110 Thread 0x0000022ef49bb450 Uncommon trap: reason=array_check action=maybe_recompile pc=0x0000022ea0874a20 method=java.util.ComparableTimSort.reverseRange([Ljava/lang/Object;II)V @ 20 c2
Event: 21965.110 Thread 0x0000022ef49bb450 DEOPT PACKING pc=0x0000022ea0874a20 sp=0x0000006bdaffe7f0
Event: 21965.110 Thread 0x0000022ef49bb450 DEOPT UNPACKING pc=0x0000022e9f443aa2 sp=0x0000006bdaffe558 mode 2
Event: 21968.428 Thread 0x0000022ef20ef3b0 Uncommon trap: trap_request=0xffffffd6 fr.pc=0x0000022ea08913e8 relative=0x0000000000005f08
Event: 21968.428 Thread 0x0000022ef20ef3b0 Uncommon trap: reason=array_check action=maybe_recompile pc=0x0000022ea08913e8 method=java.util.ComparableTimSort.reverseRange([Ljava/lang/Object;II)V @ 27 c2
Event: 21968.428 Thread 0x0000022ef20ef3b0 DEOPT PACKING pc=0x0000022ea08913e8 sp=0x0000006bdaefdb10
Event: 21968.428 Thread 0x0000022ef20ef3b0 DEOPT UNPACKING pc=0x0000022e9f443aa2 sp=0x0000006bdaefd878 mode 2
Event: 21968.428 Thread 0x0000022ef20ef3b0 Uncommon trap: trap_request=0xffffffd6 fr.pc=0x0000022ea08913e8 relative=0x0000000000005f08
Event: 21968.428 Thread 0x0000022ef20ef3b0 Uncommon trap: reason=array_check action=maybe_recompile pc=0x0000022ea08913e8 method=java.util.ComparableTimSort.reverseRange([Ljava/lang/Object;II)V @ 27 c2
Event: 21968.428 Thread 0x0000022ef20ef3b0 DEOPT PACKING pc=0x0000022ea08913e8 sp=0x0000006bdaefdb10
Event: 21968.428 Thread 0x0000022ef20ef3b0 DEOPT UNPACKING pc=0x0000022e9f443aa2 sp=0x0000006bdaefd878 mode 2

Classes loaded (20 events):
Event: 329.145 Loading class java/util/stream/Nodes$CollectorTask$OfRef
Event: 329.146 Loading class java/util/stream/Nodes$CollectorTask
Event: 329.146 Loading class java/util/stream/Nodes$CollectorTask done
Event: 329.146 Loading class java/util/stream/Nodes$CollectorTask$OfRef done
Event: 329.146 Loading class java/util/function/LongFunction
Event: 329.146 Loading class java/util/function/LongFunction done
Event: 329.146 Loading class java/util/stream/Nodes$ConcNode
Event: 329.146 Loading class java/util/stream/Nodes$AbstractConcNode
Event: 329.146 Loading class java/util/stream/Nodes$AbstractConcNode done
Event: 329.146 Loading class java/util/stream/Nodes$ConcNode done
Event: 329.156 Loading class java/util/stream/Nodes$ToArrayTask$OfRef
Event: 329.156 Loading class java/util/stream/Nodes$ToArrayTask
Event: 329.156 Loading class java/util/stream/Nodes$ToArrayTask done
Event: 329.156 Loading class java/util/stream/Nodes$ToArrayTask$OfRef done
Event: 329.159 Loading class java/io/ObjectOutputStream$BlockDataOutputStream
Event: 329.159 Loading class java/io/ObjectOutputStream$BlockDataOutputStream done
Event: 329.159 Loading class java/io/ObjectOutputStream$HandleTable
Event: 329.159 Loading class java/io/ObjectOutputStream$HandleTable done
Event: 329.159 Loading class java/io/ObjectOutputStream$ReplaceTable
Event: 329.159 Loading class java/io/ObjectOutputStream$ReplaceTable done

Classes unloaded (7 events):
Event: 8.333 Thread 0x0000022e94c33a10 Unloading class 0x0000022ead1a8c00 'java/lang/invoke/LambdaForm$MH+0x0000022ead1a8c00'
Event: 8.333 Thread 0x0000022e94c33a10 Unloading class 0x0000022ead1a8800 'java/lang/invoke/LambdaForm$MH+0x0000022ead1a8800'
Event: 8.333 Thread 0x0000022e94c33a10 Unloading class 0x0000022ead1a8400 'java/lang/invoke/LambdaForm$MH+0x0000022ead1a8400'
Event: 8.333 Thread 0x0000022e94c33a10 Unloading class 0x0000022ead1a8000 'java/lang/invoke/LambdaForm$MH+0x0000022ead1a8000'
Event: 8.333 Thread 0x0000022e94c33a10 Unloading class 0x0000022ead1a7c00 'java/lang/invoke/LambdaForm$BMH+0x0000022ead1a7c00'
Event: 8.333 Thread 0x0000022e94c33a10 Unloading class 0x0000022ead1a7800 'java/lang/invoke/LambdaForm$DMH+0x0000022ead1a7800'
Event: 8.333 Thread 0x0000022e94c33a10 Unloading class 0x0000022ead1a6400 'java/lang/invoke/LambdaForm$DMH+0x0000022ead1a6400'

Classes redefined (0 events):
No events

Internal exceptions (20 events):
Event: 1630.453 Thread 0x0000022ef3c43770 Exception <a 'sun/nio/fs/WindowsException'{0x00000000d5913968}> (0x00000000d5913968) 
thrown [s\src\hotspot\share\prims\jni.cpp, line 520]
Event: 1630.453 Thread 0x0000022ef3c43770 Exception <a 'sun/nio/fs/WindowsException'{0x00000000d5914928}> (0x00000000d5914928) 
thrown [s\src\hotspot\share\prims\jni.cpp, line 520]
Event: 1691.394 Thread 0x0000022ef20ef3b0 Exception <a 'sun/nio/fs/WindowsException'{0x00000000d595dd68}> (0x00000000d595dd68) 
thrown [s\src\hotspot\share\prims\jni.cpp, line 520]
Event: 1691.399 Thread 0x0000022ef20ef3b0 Exception <a 'sun/nio/fs/WindowsException'{0x00000000d5976040}> (0x00000000d5976040) 
thrown [s\src\hotspot\share\prims\jni.cpp, line 520]
Event: 1697.882 Thread 0x0000022ef20ef3b0 Exception <a 'sun/nio/fs/WindowsException'{0x00000000d566dc60}> (0x00000000d566dc60) 
thrown [s\src\hotspot\share\prims\jni.cpp, line 520]
Event: 1704.742 Thread 0x0000022ef20ef3b0 Exception <a 'sun/nio/fs/WindowsException'{0x00000000d5784588}> (0x00000000d5784588) 
thrown [s\src\hotspot\share\prims\jni.cpp, line 520]
Event: 1736.934 Thread 0x0000022ef20ef3b0 Exception <a 'sun/nio/fs/WindowsException'{0x00000000d587e108}> (0x00000000d587e108) 
thrown [s\src\hotspot\share\prims\jni.cpp, line 520]
Event: 1747.281 Thread 0x0000022ef20ef3b0 Exception <a 'sun/nio/fs/WindowsException'{0x00000000d59765f0}> (0x00000000d59765f0) 
thrown [s\src\hotspot\share\prims\jni.cpp, line 520]
Event: 1748.987 Thread 0x0000022ef20ef3b0 Exception <a 'sun/nio/fs/WindowsException'{0x00000000d566b950}> (0x00000000d566b950) 
thrown [s\src\hotspot\share\prims\jni.cpp, line 520]
Event: 1751.459 Thread 0x0000022ef20ef3b0 Exception <a 'sun/nio/fs/WindowsException'{0x00000000d5771190}> (0x00000000d5771190) 
thrown [s\src\hotspot\share\prims\jni.cpp, line 520]
Event: 1755.348 Thread 0x0000022ef20ef3b0 Exception <a 'sun/nio/fs/WindowsException'{0x00000000d585db68}> (0x00000000d585db68) 
thrown [s\src\hotspot\share\prims\jni.cpp, line 520]
Event: 1759.463 Thread 0x0000022ef20ef3b0 Exception <a 'sun/nio/fs/WindowsException'{0x00000000d594e898}> (0x00000000d594e898) 
thrown [s\src\hotspot\share\prims\jni.cpp, line 520]
Event: 1991.202 Thread 0x0000022ef3c43770 Exception <a 'sun/nio/fs/WindowsException'{0x00000000d567f8c8}> (0x00000000d567f8c8) 
thrown [s\src\hotspot\share\prims\jni.cpp, line 520]
Event: 1991.202 Thread 0x0000022ef3c43770 Exception <a 'sun/nio/fs/WindowsException'{0x00000000d5680878}> (0x00000000d5680878) 
thrown [s\src\hotspot\share\prims\jni.cpp, line 520]
Event: 21579.883 Thread 0x0000022ef3c43770 Exception <a 'sun/nio/fs/WindowsException'{0x00000000d5869ac8}> (0x00000000d5869ac8) 
thrown [s\src\hotspot\share\prims\jni.cpp, line 520]
Event: 21762.087 Thread 0x0000022ef20ef3b0 Exception <a 'sun/nio/fs/WindowsException'{0x00000000d57ac358}> (0x00000000d57ac358) 
thrown [s\src\hotspot\share\prims\jni.cpp, line 520]
Event: 21879.709 Thread 0x0000022ef20ef3b0 Exception <a 'sun/nio/fs/WindowsException'{0x00000000d57ee480}> (0x00000000d57ee480) 
thrown [s\src\hotspot\share\prims\jni.cpp, line 520]
Event: 21879.709 Thread 0x0000022ef20ef3b0 Exception <a 'sun/nio/fs/WindowsException'{0x00000000d57ef1c0}> (0x00000000d57ef1c0) 
thrown [s\src\hotspot\share\prims\jni.cpp, line 520]
Event: 21965.338 Thread 0x0000022ef20ef3b0 Exception <a 'sun/nio/fs/WindowsException'{0x00000000d5834220}> (0x00000000d5834220) 
thrown [s\src\hotspot\share\prims\jni.cpp, line 520]
Event: 21968.443 Thread 0x0000022ef20ef3b0 Exception <a 'sun/nio/fs/WindowsException'{0x00000000d59415a0}> (0x00000000d59415a0) 
thrown [s\src\hotspot\share\prims\jni.cpp, line 520]

ZGC Phase Switch (0 events):
No events

VM Operations (20 events):
Event: 21762.055 Executing VM operation: ParallelGCFailedAllocation (Allocation Failure)
Event: 21762.057 Executing VM operation: ParallelGCFailedAllocation (Allocation Failure) done
Event: 21764.064 Executing VM operation: Cleanup
Event: 21764.064 Executing VM operation: Cleanup done
Event: 21880.490 Executing VM operation: Cleanup
Event: 21880.490 Executing VM operation: Cleanup done
Event: 21892.627 Executing VM operation: HandshakeAllThreads (HandshakeForDeflation)
Event: 21892.627 Executing VM operation: HandshakeAllThreads (HandshakeForDeflation) done
Event: 21892.627 Executing VM operation: RendezvousGCThreads
Event: 21892.627 Executing VM operation: RendezvousGCThreads done
Event: 21952.770 Executing VM operation: HandshakeAllThreads (HandshakeForDeflation)
Event: 21952.770 Executing VM operation: HandshakeAllThreads (HandshakeForDeflation) done
Event: 21952.770 Executing VM operation: RendezvousGCThreads
Event: 21952.770 Executing VM operation: RendezvousGCThreads done
Event: 21961.249 Executing VM operation: ParallelGCFailedAllocation (Allocation Failure)
Event: 21961.251 Executing VM operation: ParallelGCFailedAllocation (Allocation Failure) done
Event: 21965.269 Executing VM operation: ParallelGCFailedAllocation (Allocation Failure)
Event: 21965.272 Executing VM operation: ParallelGCFailedAllocation (Allocation Failure) done
Event: 21968.380 Executing VM operation: ParallelGCFailedAllocation (Allocation Failure)
Event: 21968.381 Executing VM operation: ParallelGCFailedAllocation (Allocation Failure) done

Memory protections (0 events):
No events

Nmethod flushes (20 events):
Event: 30.451 Thread 0x0000022e94c33a10 flushing  nmethod 0x0000022e987efc10
Event: 30.451 Thread 0x0000022e94c33a10 flushing  nmethod 0x0000022e987f0010
Event: 30.451 Thread 0x0000022e94c33a10 flushing  nmethod 0x0000022e987f0490
Event: 30.451 Thread 0x0000022e94c33a10 flushing  nmethod 0x0000022e987f0a90
Event: 30.451 Thread 0x0000022e94c33a10 flushing  nmethod 0x0000022e987f0e90
Event: 30.451 Thread 0x0000022e94c33a10 flushing  nmethod 0x0000022e98809890
Event: 30.451 Thread 0x0000022e94c33a10 flushing  nmethod 0x0000022e98824610
Event: 30.451 Thread 0x0000022e94c33a10 flushing  nmethod 0x0000022e98825c90
Event: 30.451 Thread 0x0000022e94c33a10 flushing  nmethod 0x0000022e98826210
Event: 30.451 Thread 0x0000022e94c33a10 flushing  nmethod 0x0000022e98826790
Event: 30.451 Thread 0x0000022e94c33a10 flushing  nmethod 0x0000022e98826b10
Event: 30.451 Thread 0x0000022e94c33a10 flushing  nmethod 0x0000022e98827110
Event: 30.451 Thread 0x0000022e94c33a10 flushing  nmethod 0x0000022e98827990
Event: 30.451 Thread 0x0000022e94c33a10 flushing  nmethod 0x0000022e98827e90
Event: 30.451 Thread 0x0000022e94c33a10 flushing  nmethod 0x0000022e98828b10
Event: 30.451 Thread 0x0000022e94c33a10 flushing  nmethod 0x0000022e98829610
Event: 30.451 Thread 0x0000022e94c33a10 flushing  nmethod 0x0000022e98833990
Event: 30.451 Thread 0x0000022e94c33a10 flushing  nmethod 0x0000022e98851090
Event: 30.451 Thread 0x0000022e94c33a10 flushing  nmethod 0x0000022e98856890
Event: 30.451 Thread 0x0000022e94c33a10 flushing  nmethod 0x0000022e98858910

Events (20 events):
Event: 1759.433 Thread 0x0000022ef2041d40 Thread added: 0x0000022e8afae7e0
Event: 1764.494 Thread 0x0000022e8afae7e0 Thread exited: 0x0000022e8afae7e0
Event: 1991.200 Thread 0x0000022ef3c43770 Thread added: 0x0000022ef3c423c0
Event: 1991.201 Thread 0x0000022ef3c423c0 Thread exited: 0x0000022ef3c423c0
Event: 1991.203 Thread 0x0000022ef3c43770 Thread added: 0x0000022ef3c40980
Event: 1991.203 Thread 0x0000022ef3c40980 Thread added: 0x0000022ef3c416a0
Event: 1991.204 Thread 0x0000022ef3c40980 Thread added: 0x0000022ef3c430e0
Event: 1991.204 Thread 0x0000022ef3c430e0 Thread exited: 0x0000022ef3c430e0
Event: 1991.204 Thread 0x0000022ef3c40980 Thread exited: 0x0000022ef3c40980
Event: 1991.204 Thread 0x0000022ef3c416a0 Thread exited: 0x0000022ef3c416a0
Event: 21879.692 Thread 0x0000022ef20ef3b0 Thread added: 0x0000022ef3c423c0
Event: 21879.707 Thread 0x0000022ef3c423c0 Thread exited: 0x0000022ef3c423c0
Event: 21879.710 Thread 0x0000022ef20ef3b0 Thread added: 0x0000022ef3c42a50
Event: 21879.715 Thread 0x0000022ef3c42a50 Thread added: 0x0000022ef3c430e0
Event: 21879.715 Thread 0x0000022ef3c42a50 Thread added: 0x0000022ef3c43e00
Event: 21879.735 Thread 0x0000022ef3c430e0 Thread exited: 0x0000022ef3c430e0
Event: 21879.735 Thread 0x0000022ef3c43e00 Thread exited: 0x0000022ef3c43e00
Event: 21879.735 Thread 0x0000022ef3c42a50 Thread exited: 0x0000022ef3c42a50
Event: 21965.283 Thread 0x0000022ef2041d40 Thread added: 0x0000022efc6a7900
Event: 21968.368 Thread 0x0000022efc6a7900 Thread exited: 0x0000022efc6a7900


Dynamic libraries:
0x00007ff74d330000 - 0x00007ff74d33e000 	c:\Users\Israel\.vscode\extensions\redhat.java-1.51.0-win32-x64\jre\21.0.9-win32-x86_64\bin\java.exe
0x00007ffe674c0000 - 0x00007ffe67727000 	C:\WINDOWS\SYSTEM32\ntdll.dll
0x00007ffe66d90000 - 0x00007ffe66e59000 	C:\WINDOWS\System32\KERNEL32.DLL
0x00007ffe64e30000 - 0x00007ffe6521f000 	C:\WINDOWS\System32\KERNELBASE.dll
0x00007ffe64810000 - 0x00007ffe6495b000 	C:\WINDOWS\System32\ucrtbase.dll
0x00007ffe5f710000 - 0x00007ffe5f72e000 	c:\Users\Israel\.vscode\extensions\redhat.java-1.51.0-win32-x64\jre\21.0.9-win32-x86_64\bin\VCRUNTIME140.dll
0x00007ffe5f750000 - 0x00007ffe5f768000 	c:\Users\Israel\.vscode\extensions\redhat.java-1.51.0-win32-x64\jre\21.0.9-win32-x86_64\bin\jli.dll
0x00007ffe65fe0000 - 0x00007ffe661a5000 	C:\WINDOWS\System32\USER32.dll
0x00007ffe431a0000 - 0x00007ffe43433000 	C:\WINDOWS\WinSxS\amd64_microsoft.windows.common-controls_6595b64144ccf1df_6.0.26100.7309_none_3e05feeae336a044\COMCTL32.dll
0x00007ffe65230000 - 0x00007ffe65257000 	C:\WINDOWS\System32\win32u.dll
0x00007ffe67270000 - 0x00007ffe67319000 	C:\WINDOWS\System32\msvcrt.dll
0x00007ffe66ee0000 - 0x00007ffe66f0b000 	C:\WINDOWS\System32\GDI32.dll
0x00007ffe64b90000 - 0x00007ffe64cbc000 	C:\WINDOWS\System32\gdi32full.dll
0x00007ffe64610000 - 0x00007ffe646b3000 	C:\WINDOWS\System32\msvcp_win.dll
0x00007ffe665f0000 - 0x00007ffe66621000 	C:\WINDOWS\System32\IMM32.DLL
0x00007ffe59100000 - 0x00007ffe5910c000 	c:\Users\Israel\.vscode\extensions\redhat.java-1.51.0-win32-x64\jre\21.0.9-win32-x86_64\bin\vcruntime140_1.dll
0x00007ffe59070000 - 0x00007ffe590fd000 	c:\Users\Israel\.vscode\extensions\redhat.java-1.51.0-win32-x64\jre\21.0.9-win32-x86_64\bin\msvcp140.dll
0x00007ffdf4430000 - 0x00007ffdf51d0000 	c:\Users\Israel\.vscode\extensions\redhat.java-1.51.0-win32-x64\jre\21.0.9-win32-x86_64\bin\server\jvm.dll
0x00007ffe67320000 - 0x00007ffe673d4000 	C:\WINDOWS\System32\ADVAPI32.dll
0x00007ffe66f70000 - 0x00007ffe67016000 	C:\WINDOWS\System32\sechost.dll
0x00007ffe659a0000 - 0x00007ffe65ab8000 	C:\WINDOWS\System32\RPCRT4.dll
0x00007ffe66570000 - 0x00007ffe665e4000 	C:\WINDOWS\System32\WS2_32.dll
0x00007ffe64490000 - 0x00007ffe644ee000 	C:\WINDOWS\SYSTEM32\POWRPROF.dll
0x00007ffe59d30000 - 0x00007ffe59d65000 	C:\WINDOWS\SYSTEM32\WINMM.dll
0x00007ffe5e4e0000 - 0x00007ffe5e4eb000 	C:\WINDOWS\SYSTEM32\VERSION.dll
0x00007ffe64470000 - 0x00007ffe64484000 	C:\WINDOWS\SYSTEM32\UMPDC.dll
0x00007ffe63380000 - 0x00007ffe6339b000 	C:\WINDOWS\SYSTEM32\kernel.appcore.dll
0x00007ffe59060000 - 0x00007ffe5906a000 	c:\Users\Israel\.vscode\extensions\redhat.java-1.51.0-win32-x64\jre\21.0.9-win32-x86_64\bin\jimage.dll
0x00007ffe4d060000 - 0x00007ffe4d2a2000 	C:\WINDOWS\SYSTEM32\DBGHELP.DLL
0x00007ffe65bc0000 - 0x00007ffe65f46000 	C:\WINDOWS\System32\combase.dll
0x00007ffe66230000 - 0x00007ffe66306000 	C:\WINDOWS\System32\OLEAUT32.dll
0x00007ffe48d30000 - 0x00007ffe48d6c000 	C:\WINDOWS\SYSTEM32\dbgcore.DLL
0x00007ffe64ae0000 - 0x00007ffe64b85000 	C:\WINDOWS\System32\bcryptPrimitives.dll
0x00007ffe59050000 - 0x00007ffe5905f000 	c:\Users\Israel\.vscode\extensions\redhat.java-1.51.0-win32-x64\jre\21.0.9-win32-x86_64\bin\instrument.dll
0x00007ffe58f60000 - 0x00007ffe58f80000 	c:\Users\Israel\.vscode\extensions\redhat.java-1.51.0-win32-x64\jre\21.0.9-win32-x86_64\bin\java.dll
0x00007ffe66630000 - 0x00007ffe66d83000 	C:\WINDOWS\System32\SHELL32.dll
0x00007ffe64cc0000 - 0x00007ffe64e2a000 	C:\WINDOWS\System32\wintypes.dll
0x00007ffe621d0000 - 0x00007ffe62a2e000 	C:\WINDOWS\SYSTEM32\windows.storage.dll
0x00007ffe65270000 - 0x00007ffe65365000 	C:\WINDOWS\System32\SHCORE.dll
0x00007ffe67400000 - 0x00007ffe67466000 	C:\WINDOWS\System32\shlwapi.dll
0x00007ffe64530000 - 0x00007ffe64559000 	C:\WINDOWS\SYSTEM32\profapi.dll
0x00007ffe58f40000 - 0x00007ffe58f58000 	c:\Users\Israel\.vscode\extensions\redhat.java-1.51.0-win32-x64\jre\21.0.9-win32-x86_64\bin\zip.dll
0x00007ffe58f30000 - 0x00007ffe58f40000 	C:\Users\Israel\.vscode\extensions\redhat.java-1.51.0-win32-x64\jre\21.0.9-win32-x86_64\bin\net.dll
0x00007ffe5eea0000 - 0x00007ffe5efc8000 	C:\WINDOWS\SYSTEM32\WINHTTP.dll
0x00007ffe638d0000 - 0x00007ffe6393b000 	C:\WINDOWS\system32\mswsock.dll
0x00007ffe58f10000 - 0x00007ffe58f26000 	C:\Users\Israel\.vscode\extensions\redhat.java-1.51.0-win32-x64\jre\21.0.9-win32-x86_64\bin\nio.dll
0x00007ffe58ee0000 - 0x00007ffe58ef0000 	c:\Users\Israel\.vscode\extensions\redhat.java-1.51.0-win32-x64\jre\21.0.9-win32-x86_64\bin\verify.dll
0x00007ffe393a0000 - 0x00007ffe393e4000 	C:\Users\Israel\AppData\Roaming\Code\User\globalStorage\redhat.java\1.51.0\config_win\org.eclipse.equinox.launcher\org.eclipse.equinox.launcher.win32.win32.x86_64_1.2.1400.v20250801-0854\eclipse_11916.dll
0x00007ffe65370000 - 0x00007ffe65507000 	C:\WINDOWS\System32\ole32.dll
0x00007ffe63cc0000 - 0x00007ffe63cdb000 	C:\WINDOWS\SYSTEM32\CRYPTSP.dll
0x00007ffe632e0000 - 0x00007ffe6331a000 	C:\WINDOWS\system32\rsaenh.dll
0x00007ffe63980000 - 0x00007ffe639ab000 	C:\WINDOWS\SYSTEM32\USERENV.dll
0x00007ffe64500000 - 0x00007ffe6452a000 	C:\WINDOWS\SYSTEM32\bcrypt.dll
0x00007ffe63b20000 - 0x00007ffe63b2c000 	C:\WINDOWS\SYSTEM32\CRYPTBASE.dll
0x00007ffe62d70000 - 0x00007ffe62da4000 	C:\WINDOWS\SYSTEM32\IPHLPAPI.DLL
0x00007ffe671a0000 - 0x00007ffe671aa000 	C:\WINDOWS\System32\NSI.dll
0x00007ffe3a490000 - 0x00007ffe3a4d9000 	C:\Users\Israel\AppData\Local\Temp\jna--2095341728\jna14873955574838648297.dll
0x00007ffe67190000 - 0x00007ffe67198000 	C:\WINDOWS\System32\PSAPI.DLL
0x00007ffe5f2a0000 - 0x00007ffe5f2be000 	C:\WINDOWS\SYSTEM32\dhcpcsvc6.DLL
0x00007ffe5f130000 - 0x00007ffe5f153000 	C:\WINDOWS\SYSTEM32\dhcpcsvc.DLL

JVMTI agents:
c:\Users\Israel\.vscode\extensions\redhat.java-1.51.0-win32-x64\lombok\lombok-1.18.39-4050.jar path:c:\Users\Israel\.vscode\extensions\redhat.java-1.51.0-win32-x64\jre\21.0.9-win32-x86_64\bin\instrument.dll, loaded, initialized, instrumentlib options:none

dbghelp: loaded successfully - version: 4.0.5 - missing functions: none
symbol engine: initialized successfully - sym options: 0x614 - pdb path: .;c:\Users\Israel\.vscode\extensions\redhat.java-1.51.0-win32-x64\jre\21.0.9-win32-x86_64\bin;C:\WINDOWS\SYSTEM32;C:\WINDOWS\WinSxS\amd64_microsoft.windows.common-controls_6595b64144ccf1df_6.0.26100.7309_none_3e05feeae336a044;c:\Users\Israel\.vscode\extensions\redhat.java-1.51.0-win32-x64\jre\21.0.9-win32-x86_64\bin\server;C:\Users\Israel\AppData\Roaming\Code\User\globalStorage\redhat.java\1.51.0\config_win\org.eclipse.equinox.launcher\org.eclipse.equinox.launcher.win32.win32.x86_64_1.2.1400.v20250801-0854;C:\Users\Israel\AppData\Local\Temp\jna--2095341728

VM Arguments:
jvm_args: --add-modules=ALL-SYSTEM --add-opens=java.base/java.util=ALL-UNNAMED --add-opens=java.base/java.lang=ALL-UNNAMED --add-opens=java.base/sun.nio.fs=ALL-UNNAMED -Declipse.application=org.eclipse.jdt.ls.core.id1 -Dosgi.bundles.defaultStartLevel=4 -Declipse.product=org.eclipse.jdt.ls.core.product -Djava.import.generatesMetadataFilesAtProjectRoot=false -DDetectVMInstallationsJob.disabled=true -Dfile.encoding=utf8 -XX:+UseParallelGC -XX:GCTimeRatio=4 -XX:AdaptiveSizePolicyWeight=90 -Dsun.zip.disableMemoryMapping=true -Xmx2G -Xms100m -Xlog:disable -javaagent:c:\Users\Israel\.vscode\extensions\redhat.java-1.51.0-win32-x64\lombok\lombok-1.18.39-4050.jar -XX:+HeapDumpOnOutOfMemoryError -XX:HeapDumpPath=c:\Users\Israel\AppData\Roaming\Code\User\workspaceStorage\6f125b46b7f25fb73724dc33de925b7a\redhat.java -Daether.dependencyCollector.impl=bf 
java_command: c:\Users\Israel\.vscode\extensions\redhat.java-1.51.0-win32-x64\server\plugins\org.eclipse.equinox.launcher_1.7.100.v20251111-0406.jar -configuration c:\Users\Israel\AppData\Roaming\Code\User\globalStorage\redhat.java\1.51.0\config_win -data c:\Users\Israel\AppData\Roaming\Code\User\workspaceStorage\6f125b46b7f25fb73724dc33de925b7a\redhat.java\jdt_ws --pipe=\\.\pipe\lsp-12121a32df06b662d57987e4b114d140-sock
java_class_path (initial): c:\Users\Israel\.vscode\extensions\redhat.java-1.51.0-win32-x64\server\plugins\org.eclipse.equinox.launcher_1.7.100.v20251111-0406.jar
Launcher Type: SUN_STANDARD

[Global flags]
    uintx AdaptiveSizePolicyWeight                 = 90                                        {product} {command line}
     intx CICompilerCount                          = 4                                         {product} {ergonomic}
    uintx GCTimeRatio                              = 4                                         {product} {command line}
     bool HeapDumpOnOutOfMemoryError               = true                                   {manageable} {command line}
    ccstr HeapDumpPath                             = c:\Users\Israel\AppData\Roaming\Code\User\workspaceStorage\6f125b46b7f25fb73724dc33de925b7a\redhat.java         {manageable} {command line}
   size_t InitialHeapSize                          = 104857600                                 {product} {command line}
   size_t MaxHeapSize                              = 2147483648                                {product} {command line}
   size_t MaxNewSize                               = 715653120                                 {product} {ergonomic}
   size_t MinHeapDeltaBytes                        = 524288                                    {product} {ergonomic}
   size_t MinHeapSize                              = 104857600                                 {product} {command line}
   size_t NewSize                                  = 34603008                                  {product} {ergonomic}
    uintx NonNMethodCodeHeapSize                   = 5839372                                {pd product} {ergonomic}
    uintx NonProfiledCodeHeapSize                  = 122909434                              {pd product} {ergonomic}
   size_t OldSize                                  = 70254592                                  {product} {ergonomic}
    uintx ProfiledCodeHeapSize                     = 122909434                              {pd product} {ergonomic}
    uintx ReservedCodeCacheSize                    = 251658240                              {pd product} {ergonomic}
     bool SegmentedCodeCache                       = true                                      {product} {ergonomic}
   size_t SoftMaxHeapSize                          = 2147483648                             {manageable} {ergonomic}
     bool UseCompressedOops                        = true                           {product lp64_product} {ergonomic}
     bool UseLargePagesIndividualAllocation        = false                                  {pd product} {ergonomic}
     bool UseParallelGC                            = true                                      {product} {command line}

Logging:
Log output configuration:
 #0: stdout all=off uptime,level,tags foldmultilines=false
 #1: stderr all=off uptime,level,tags foldmultilines=false

Release file:
JAVA_VERSION="21.0.9" 
MODULES="java.base java.compiler java.datatransfer java.xml java.prefs java.desktop java.instrument java.logging java.management java.security.sasl java.naming java.rmi java.management.rmi java.net.http java.scripting java.security.jgss java.transaction.xa java.sql java.sql.rowset java.xml.crypto java.se java.smartcardio jdk.accessibility jdk.internal.jvmstat jdk.attach jdk.charsets jdk.internal.opt jdk.zipfs jdk.compiler jdk.crypto.ec jdk.crypto.cryptoki jdk.crypto.mscapi jdk.dynalink jdk.internal.ed jdk.editpad jdk.hotspot.agent jdk.httpserver jdk.internal.le jdk.internal.vm.ci jdk.internal.vm.compiler jdk.internal.vm.compiler.management jdk.jartool jdk.javadoc jdk.jcmd jdk.management jdk.management.agent jdk.jconsole jdk.jdeps jdk.jdwp.agent jdk.jdi jdk.jfr jdk.jshell jdk.jsobject jdk.jstatd jdk.localedata jdk.management.jfr jdk.naming.dns jdk.naming.rmi jdk.net jdk.nio.mapmode jdk.random jdk.sctp jdk.security.auth jdk.security.jgss jdk.unsupported jdk.unsupported.desktop jdk.xml.dom" 

Environment Variables:
PATH=C:\Program Files\Common Files\Oracle\Java\javapath;C:\Program Files (x86)\Common Files\Oracle\Java\java8path;C:\Program Files (x86)\Common Files\Oracle\Java\javapath;C:\WINDOWS\system32;C:\WINDOWS;C:\WINDOWS\System32\Wbem;C:\WINDOWS\System32\WindowsPowerShell\v1.0\;C:\WINDOWS\System32\OpenSSH\;Z:\laragon\bin\php\php-8.3.16-Win32-vs16-x64;Z:\laragon\bin\composer;C:\Program Files\Git\cmd;C:\Program Files\PuTTY\;Z:\FileBot\;C:\Program Files\Java\jdk-25\bin;;C:\Program Files\Docker\Docker\resources\bin;C:\Users\Israel\AppData\Local\Yarn\config\global\node_modules\.bin;C:\Users\Israel\AppData\Roaming\Composer\vendor\bin;C:\Users\Israel\AppData\Roaming\npm;Z:\laragon\bin\composer;Z:\laragon\bin\git\bin;Z:\laragon\bin\git\cmd;Z:\laragon\bin\git\mingw64\bin;Z:\laragon\bin\git\usr\bin;Z:\laragon\bin\mysql\mysql-8.4.3-winx64\bin;Z:\laragon\bin\ngrok;Z:\laragon\bin\nodejs\node-v22;Z:\laragon\bin\php\php-8.3.16-Win32-vs16-x64;Z:\laragon\bin\python\python-3.13;Z:\laragon\bin\python\python-3.13\Scripts;Z:\laragon\usr\bin;C:\Users\Israel\.console-ninja\.bin;C:\Users\Israel\AppData\Local\Microsoft\WindowsApps;C:\Users\Israel\AppData\Local\Programs\Microsoft VS Code\bin;
USERNAME=Israel
OS=Windows_NT
PROCESSOR_IDENTIFIER=AMD64 Family 23 Model 160 Stepping 0, AuthenticAMD
TMP=C:\Users\Israel\AppData\Local\Temp
TEMP=C:\Users\Israel\AppData\Local\Temp




Periodic native trim disabled

---------------  S Y S T E M  ---------------

OS:
 Windows 11 , 64 bit Build 26100 (10.0.26100.7623)
OS uptime: 0 days 9:14 hours
Hyper-V role detected

CPU: total 8 (initial active 8) (8 cores per cpu, 2 threads per core) family 23 model 160 stepping 0 microcode 0x8a0000a, cx8, cmov, fxsr, ht, mmx, 3dnowpref, sse, sse2, sse3, ssse3, sse4a, sse4.1, sse4.2, popcnt, lzcnt, tsc, tscinvbit, avx, avx2, aes, clmul, bmi1, bmi2, adx, sha, fma, vzeroupper, clflush, clflushopt, hv, rdtscp, rdpid, f16c
Processor Information for the first 8 processors :
  Max Mhz: 2801, Current Mhz: 2801, Mhz Limit: 2801

Memory: 4k page, system-wide physical 14069M (2499M free)
TotalPageFile size 20986M (AvailPageFile size 5M)
current process WorkingSet (physical memory assigned to process): 444M, peak: 977M
current process commit charge ("private bytes"): 927M, peak: 930M

vm_info: OpenJDK 64-Bit Server VM (21.0.9+10-LTS) for windows-amd64 JRE (21.0.9+10-LTS), built on 2025-10-21T00:00:00Z by "admin" with unknown MS VC++:1942

END.
